<?xml version="1.0" encoding="UTF-8"?>
<robot generator="Robot 4.1.1 (Python 3.6.3 on win32)" generated="20211005 09:39:06.007" rpa="false" schemaversion="2">
<suite id="s1" name="TestSuiteFile" source="C:\Users\aleksey.ermakov\PycharmProjects\RobotFrameworkProject\TestCases\TestSuiteFile.robot">
<test id="s1-t1" name="LoginTest">
<kw name="Open Browser" library="Selenium2Library">
<arg>${url}</arg>
<arg>${browser}</arg>
<doc>Opens a new browser instance to the optional ``url``.</doc>
<msg timestamp="20211005 09:39:06.154" level="INFO">Opening browser 'chrome' to base url 'https://amd-uat.test.gosuslugi.ru/'.</msg>
<status status="PASS" starttime="20211005 09:39:06.154" endtime="20211005 09:39:08.480"/>
</kw>
<kw name="Maximize Browser Window" library="Selenium2Library">
<doc>Maximizes current browser window.</doc>
<status status="PASS" starttime="20211005 09:39:08.480" endtime="20211005 09:39:08.600"/>
</kw>
<kw name="Set Selenium Speed" library="Selenium2Library">
<arg>0.2seconds</arg>
<doc>Sets the delay that is waited after each Selenium command.</doc>
<status status="PASS" starttime="20211005 09:39:08.600" endtime="20211005 09:39:08.600"/>
</kw>
<kw name="LoginToApplications">
<kw name="Input Text" library="Selenium2Library">
<arg>id:username</arg>
<arg>admin</arg>
<doc>Types the given ``text`` into the text field identified by ``locator``.</doc>
<msg timestamp="20211005 09:39:08.608" level="INFO">Typing text 'admin' into text field 'id:username'.</msg>
<status status="PASS" starttime="20211005 09:39:08.600" endtime="20211005 09:39:09.294"/>
</kw>
<kw name="Input Text" library="Selenium2Library">
<arg>id:password</arg>
<arg>HQsJCeEhU8</arg>
<doc>Types the given ``text`` into the text field identified by ``locator``.</doc>
<msg timestamp="20211005 09:39:09.294" level="INFO">Typing text 'HQsJCeEhU8' into text field 'id:password'.</msg>
<status status="PASS" starttime="20211005 09:39:09.294" endtime="20211005 09:39:09.993"/>
</kw>
<kw name="Click Button" library="Selenium2Library">
<arg>xpath:/html/body/div[1]/section/div[1]/section/form/div/div[3]/div[1]/div[4]/div/div/span/button</arg>
<doc>Clicks the button identified by ``locator``.</doc>
<msg timestamp="20211005 09:39:09.993" level="INFO">Clicking button 'xpath:/html/body/div[1]/section/div[1]/section/form/div/div[3]/div[1]/div[4]/div/div/span/button'.</msg>
<status status="PASS" starttime="20211005 09:39:09.993" endtime="20211005 09:39:11.061"/>
</kw>
<status status="PASS" starttime="20211005 09:39:08.600" endtime="20211005 09:39:11.061"/>
</kw>
<status status="PASS" starttime="20211005 09:39:06.154" endtime="20211005 09:39:11.061"/>
</test>
<test id="s1-t2" name="CreateDocumentTest">
<kw name="NewDocument">
<kw name="Click Element" library="Selenium2Library">
<arg>xpath://*[@id="root"]/section/main/div[2]/div/div[1]/div[1]/div/button[2]</arg>
<doc>Click the element identified by ``locator``.</doc>
<msg timestamp="20211005 09:39:11.061" level="INFO">Clicking element 'xpath://*[@id="root"]/section/main/div[2]/div/div[1]/div[1]/div/button[2]'.</msg>
<status status="PASS" starttime="20211005 09:39:11.061" endtime="20211005 09:39:11.649"/>
</kw>
<status status="PASS" starttime="20211005 09:39:11.061" endtime="20211005 09:39:11.649"/>
</kw>
<kw name="MainData">
<kw name="Click Element" library="Selenium2Library">
<arg>xpath://*[@id="DocumentManifest_type"]/div[1]</arg>
<doc>Click the element identified by ``locator``.</doc>
<msg timestamp="20211005 09:39:11.649" level="INFO">Clicking element 'xpath://*[@id="DocumentManifest_type"]/div[1]'.</msg>
<status status="PASS" starttime="20211005 09:39:11.649" endtime="20211005 09:39:12.117"/>
</kw>
<kw name="Click Element" library="Selenium2Library">
<arg>xpath://*[@id="DocumentManifest_type"]/div[2]/div[1]/span/input</arg>
<doc>Click the element identified by ``locator``.</doc>
<msg timestamp="20211005 09:39:12.117" level="INFO">Clicking element 'xpath://*[@id="DocumentManifest_type"]/div[2]/div[1]/span/input'.</msg>
<status status="PASS" starttime="20211005 09:39:12.117" endtime="20211005 09:39:12.610"/>
</kw>
<kw name="Input Text" library="Selenium2Library">
<arg>xpath://*[@id="DocumentManifest_type"]/div[2]/div[1]/span/input</arg>
<arg>Исполнение ИПРА</arg>
<doc>Types the given ``text`` into the text field identified by ``locator``.</doc>
<msg timestamp="20211005 09:39:12.610" level="INFO">Typing text 'Исполнение ИПРА' into text field 'xpath://*[@id="DocumentManifest_type"]/div[2]/div[1]/span/input'.</msg>
<status status="PASS" starttime="20211005 09:39:12.610" endtime="20211005 09:39:13.401"/>
</kw>
<kw name="Click Element" library="Selenium2Library">
<arg>xpath://*[@id="DocumentManifest_type"]/div[2]/div[3]/ul/li</arg>
<doc>Click the element identified by ``locator``.</doc>
<msg timestamp="20211005 09:39:13.402" level="INFO">Clicking element 'xpath://*[@id="DocumentManifest_type"]/div[2]/div[3]/ul/li'.</msg>
<status status="PASS" starttime="20211005 09:39:13.401" endtime="20211005 09:39:13.880"/>
</kw>
<kw name="Click Element" library="Selenium2Library">
<arg>xpath://*[@id="medicalOrganization"]/div[1]</arg>
<doc>Click the element identified by ``locator``.</doc>
<msg timestamp="20211005 09:39:13.880" level="INFO">Clicking element 'xpath://*[@id="medicalOrganization"]/div[1]'.</msg>
<status status="PASS" starttime="20211005 09:39:13.880" endtime="20211005 09:39:14.344"/>
</kw>
<kw name="Click Element" library="Selenium2Library">
<arg>xpath://*[@id="medicalOrganization"]/div[2]/div[1]/span/input</arg>
<doc>Click the element identified by ``locator``.</doc>
<msg timestamp="20211005 09:39:14.344" level="INFO">Clicking element 'xpath://*[@id="medicalOrganization"]/div[2]/div[1]/span/input'.</msg>
<status status="PASS" starttime="20211005 09:39:14.344" endtime="20211005 09:39:14.793"/>
</kw>
<kw name="Input Text" library="Selenium2Library">
<arg>xpath://*[@id="medicalOrganization"]/div[2]/div[1]/span/input</arg>
<arg>ООО</arg>
<doc>Types the given ``text`` into the text field identified by ``locator``.</doc>
<msg timestamp="20211005 09:39:14.793" level="INFO">Typing text 'ООО' into text field 'xpath://*[@id="medicalOrganization"]/div[2]/div[1]/span/input'.</msg>
<status status="PASS" starttime="20211005 09:39:14.793" endtime="20211005 09:39:15.466"/>
</kw>
<kw name="Click Element" library="Selenium2Library">
<arg>xpath://*[@id="medicalOrganization"]/div[2]/div[3]/ul/li</arg>
<doc>Click the element identified by ``locator``.</doc>
<msg timestamp="20211005 09:39:15.466" level="INFO">Clicking element 'xpath://*[@id="medicalOrganization"]/div[2]/div[3]/ul/li'.</msg>
<status status="PASS" starttime="20211005 09:39:15.466" endtime="20211005 09:39:15.934"/>
</kw>
<kw name="Click Element" library="Selenium2Library">
<arg>xpath://*[@id="organizationalUnit"]/div[1]</arg>
<doc>Click the element identified by ``locator``.</doc>
<msg timestamp="20211005 09:39:15.934" level="INFO">Clicking element 'xpath://*[@id="organizationalUnit"]/div[1]'.</msg>
<status status="PASS" starttime="20211005 09:39:15.934" endtime="20211005 09:39:16.395"/>
</kw>
<kw name="Click Element" library="Selenium2Library">
<arg>xpath://*[@id="organizationalUnit"]/div[2]/div[1]/span/input</arg>
<doc>Click the element identified by ``locator``.</doc>
<msg timestamp="20211005 09:39:16.395" level="INFO">Clicking element 'xpath://*[@id="organizationalUnit"]/div[2]/div[1]/span/input'.</msg>
<status status="PASS" starttime="20211005 09:39:16.395" endtime="20211005 09:39:16.847"/>
</kw>
<kw name="Input Text" library="Selenium2Library">
<arg>xpath://*[@id="organizationalUnit"]/div[2]/div[1]/span/input</arg>
<arg>ООО</arg>
<doc>Types the given ``text`` into the text field identified by ``locator``.</doc>
<msg timestamp="20211005 09:39:16.847" level="INFO">Typing text 'ООО' into text field 'xpath://*[@id="organizationalUnit"]/div[2]/div[1]/span/input'.</msg>
<status status="PASS" starttime="20211005 09:39:16.847" endtime="20211005 09:39:17.499"/>
</kw>
<kw name="Click Element" library="Selenium2Library">
<arg>xpath://*[@id="organizationalUnit"]/div[2]/div[3]/ul/li</arg>
<doc>Click the element identified by ``locator``.</doc>
<msg timestamp="20211005 09:39:17.499" level="INFO">Clicking element 'xpath://*[@id="organizationalUnit"]/div[2]/div[3]/ul/li'.</msg>
<status status="PASS" starttime="20211005 09:39:17.499" endtime="20211005 09:39:17.981"/>
</kw>
<kw name="Click Element" library="Selenium2Library">
<arg>xpath://*[@id="DocumentManifest_created"]/div[1]/input</arg>
<doc>Click the element identified by ``locator``.</doc>
<msg timestamp="20211005 09:39:17.981" level="INFO">Clicking element 'xpath://*[@id="DocumentManifest_created"]/div[1]/input'.</msg>
<status status="PASS" starttime="20211005 09:39:17.981" endtime="20211005 09:39:18.477"/>
</kw>
<kw name="Click Element" library="Selenium2Library">
<arg>xpath://*[@id="DocumentManifest_created"]/div[2]/div/div/div/div/div[2]/div[2]/table/tbody/tr[2]/td[1]/div</arg>
<doc>Click the element identified by ``locator``.</doc>
<msg timestamp="20211005 09:39:18.477" level="INFO">Clicking element 'xpath://*[@id="DocumentManifest_created"]/div[2]/div/div/div/div/div[2]/div[2]/table/tbody/tr[2]/td[1]/div'.</msg>
<status status="PASS" starttime="20211005 09:39:18.477" endtime="20211005 09:39:18.942"/>
</kw>
<kw name="Click Element" library="Selenium2Library">
<arg>xpath://*[@id="documentDescription"]</arg>
<doc>Click the element identified by ``locator``.</doc>
<msg timestamp="20211005 09:39:18.942" level="INFO">Clicking element 'xpath://*[@id="documentDescription"]'.</msg>
<status status="PASS" starttime="20211005 09:39:18.942" endtime="20211005 09:39:19.391"/>
</kw>
<kw name="Input Text" library="Selenium2Library">
<arg>id:documentDescription</arg>
<arg>тест</arg>
<doc>Types the given ``text`` into the text field identified by ``locator``.</doc>
<msg timestamp="20211005 09:39:19.391" level="INFO">Typing text 'тест' into text field 'id:documentDescription'.</msg>
<status status="PASS" starttime="20211005 09:39:19.391" endtime="20211005 09:39:20.069"/>
</kw>
<status status="PASS" starttime="20211005 09:39:11.649" endtime="20211005 09:39:20.069"/>
</kw>
<kw name="PatientPersonalData">
<kw name="Click Element" library="Selenium2Library">
<arg>id:SNILS</arg>
<doc>Click the element identified by ``locator``.</doc>
<msg timestamp="20211005 09:39:20.069" level="INFO">Clicking element 'id:SNILS'.</msg>
<status status="PASS" starttime="20211005 09:39:20.069" endtime="20211005 09:39:20.510"/>
</kw>
<kw name="Input Text" library="Selenium2Library">
<arg>id: SNILS</arg>
<arg>12345678901</arg>
<doc>Types the given ``text`` into the text field identified by ``locator``.</doc>
<msg timestamp="20211005 09:39:20.510" level="INFO">Typing text '12345678901' into text field 'id: SNILS'.</msg>
<status status="PASS" starttime="20211005 09:39:20.510" endtime="20211005 09:39:21.225"/>
</kw>
<kw name="Click Element" library="Selenium2Library">
<arg>id:INP</arg>
<doc>Click the element identified by ``locator``.</doc>
<msg timestamp="20211005 09:39:21.225" level="INFO">Clicking element 'id:INP'.</msg>
<status status="PASS" starttime="20211005 09:39:21.225" endtime="20211005 09:39:21.673"/>
</kw>
<kw name="Input Text" library="Selenium2Library">
<arg>id:INP</arg>
<arg>1234567890123456</arg>
<doc>Types the given ``text`` into the text field identified by ``locator``.</doc>
<msg timestamp="20211005 09:39:21.673" level="INFO">Typing text '1234567890123456' into text field 'id:INP'.</msg>
<status status="PASS" starttime="20211005 09:39:21.673" endtime="20211005 09:39:22.429"/>
</kw>
<kw name="Click Element" library="Selenium2Library">
<arg>id:surname</arg>
<doc>Click the element identified by ``locator``.</doc>
<msg timestamp="20211005 09:39:22.429" level="INFO">Clicking element 'id:surname'.</msg>
<status status="PASS" starttime="20211005 09:39:22.429" endtime="20211005 09:39:22.885"/>
</kw>
<kw name="Input Text" library="Selenium2Library">
<arg>id:surname</arg>
<arg>Иванов</arg>
<doc>Types the given ``text`` into the text field identified by ``locator``.</doc>
<msg timestamp="20211005 09:39:22.885" level="INFO">Typing text 'Иванов' into text field 'id:surname'.</msg>
<status status="PASS" starttime="20211005 09:39:22.885" endtime="20211005 09:39:23.563"/>
</kw>
<kw name="Click Element" library="Selenium2Library">
<arg>id:name</arg>
<doc>Click the element identified by ``locator``.</doc>
<msg timestamp="20211005 09:39:23.563" level="INFO">Clicking element 'id:name'.</msg>
<status status="PASS" starttime="20211005 09:39:23.563" endtime="20211005 09:39:24.000"/>
</kw>
<kw name="Input Text" library="Selenium2Library">
<arg>id:name</arg>
<arg>Иван</arg>
<doc>Types the given ``text`` into the text field identified by ``locator``.</doc>
<msg timestamp="20211005 09:39:24.000" level="INFO">Typing text 'Иван' into text field 'id:name'.</msg>
<status status="PASS" starttime="20211005 09:39:24.000" endtime="20211005 09:39:24.693"/>
</kw>
<kw name="Click Element" library="Selenium2Library">
<arg>id:patronymic</arg>
<doc>Click the element identified by ``locator``.</doc>
<msg timestamp="20211005 09:39:24.693" level="INFO">Clicking element 'id:patronymic'.</msg>
<status status="PASS" starttime="20211005 09:39:24.693" endtime="20211005 09:39:25.129"/>
</kw>
<kw name="Input Text" library="Selenium2Library">
<arg>id:patronymic</arg>
<arg>Иванович</arg>
<doc>Types the given ``text`` into the text field identified by ``locator``.</doc>
<msg timestamp="20211005 09:39:25.129" level="INFO">Typing text 'Иванович' into text field 'id:patronymic'.</msg>
<status status="PASS" starttime="20211005 09:39:25.129" endtime="20211005 09:39:25.820"/>
</kw>
<kw name="Click Element" library="Selenium2Library">
<arg>xpath://*[@id="dateOfBirth"]/div[1]/input</arg>
<doc>Click the element identified by ``locator``.</doc>
<msg timestamp="20211005 09:39:25.820" level="INFO">Clicking element 'xpath://*[@id="dateOfBirth"]/div[1]/input'.</msg>
<status status="PASS" starttime="20211005 09:39:25.820" endtime="20211005 09:39:26.290"/>
</kw>
<kw name="Click Element" library="Selenium2Library">
<arg>xpath://*[@id="dateOfBirth"]/div[2]/div/div/div/div/div[2]/div[1]/div/a[1]</arg>
<doc>Click the element identified by ``locator``.</doc>
<msg timestamp="20211005 09:39:26.290" level="INFO">Clicking element 'xpath://*[@id="dateOfBirth"]/div[2]/div/div/div/div/div[2]/div[1]/div/a[1]'.</msg>
<status status="PASS" starttime="20211005 09:39:26.290" endtime="20211005 09:39:26.751"/>
</kw>
<kw name="Click Element" library="Selenium2Library">
<arg>xpath://*[@id="dateOfBirth"]/div[2]/div/div/div/div/div[2]/div[2]/table/tbody/tr[1]/td[4]/div</arg>
<doc>Click the element identified by ``locator``.</doc>
<msg timestamp="20211005 09:39:26.751" level="INFO">Clicking element 'xpath://*[@id="dateOfBirth"]/div[2]/div/div/div/div/div[2]/div[2]/table/tbody/tr[1]/td[4]/div'.</msg>
<status status="PASS" starttime="20211005 09:39:26.751" endtime="20211005 09:39:27.196"/>
</kw>
<kw name="Click Element" library="Selenium2Library">
<arg>xpath://*[@id="gender"]/div[1]</arg>
<doc>Click the element identified by ``locator``.</doc>
<msg timestamp="20211005 09:39:27.196" level="INFO">Clicking element 'xpath://*[@id="gender"]/div[1]'.</msg>
<status status="PASS" starttime="20211005 09:39:27.196" endtime="20211005 09:39:27.664"/>
</kw>
<kw name="Click Element" library="Selenium2Library">
<arg>xpath://*[@id="gender"]/div[2]/div[3]/ul/li[3]</arg>
<doc>Click the element identified by ``locator``.</doc>
<msg timestamp="20211005 09:39:27.664" level="INFO">Clicking element 'xpath://*[@id="gender"]/div[2]/div[3]/ul/li[3]'.</msg>
<status status="PASS" starttime="20211005 09:39:27.664" endtime="20211005 09:39:28.144"/>
</kw>
<status status="PASS" starttime="20211005 09:39:20.069" endtime="20211005 09:39:28.144"/>
</kw>
<kw name="UploadFile">
<kw name="Choose File" library="Selenium2Library">
<arg>id:fileList</arg>
<arg>${File_Path}</arg>
<doc>Inputs the ``file_path`` into the file input field ``locator``.</doc>
<msg timestamp="20211005 09:39:28.144" level="INFO">Sending C:\Users\aleksey.ermakov\PycharmProjects\TestFiles\Селеванов.xml to browser.</msg>
<status status="PASS" starttime="20211005 09:39:28.144" endtime="20211005 09:39:28.607"/>
</kw>
<status status="PASS" starttime="20211005 09:39:28.144" endtime="20211005 09:39:28.607"/>
</kw>
<kw name="CreateDocument">
<kw name="Click Button" library="Selenium2Library">
<arg>xpath:/html/body/div[2]/div/div[2]/div/div[2]/div[2]/form/div/div[17]/div/button</arg>
<doc>Clicks the button identified by ``locator``.</doc>
<msg timestamp="20211005 09:39:28.607" level="INFO">Clicking button 'xpath:/html/body/div[2]/div/div[2]/div/div[2]/div[2]/form/div/div[17]/div/button'.</msg>
<status status="PASS" starttime="20211005 09:39:28.607" endtime="20211005 09:39:29.728"/>
</kw>
<status status="PASS" starttime="20211005 09:39:28.607" endtime="20211005 09:39:29.728"/>
</kw>
<status status="PASS" starttime="20211005 09:39:11.061" endtime="20211005 09:39:29.728"/>
</test>
<test id="s1-t3" name="CheckingDataTest">
<kw name="Click Element" library="Selenium2Library">
<arg>xpath://*[@id="root"]/section/main/div[2]/div/div[1]/div[1]/div/button[2]</arg>
<doc>Click the element identified by ``locator``.</doc>
<msg timestamp="20211005 09:39:29.728" level="INFO">Clicking element 'xpath://*[@id="root"]/section/main/div[2]/div/div[1]/div[1]/div/button[2]'.</msg>
<kw name="Capture Page Screenshot" library="Selenium2Library">
<doc>Takes a screenshot of the current page and embeds it into a log file.</doc>
<msg timestamp="20211005 09:39:31.303" level="INFO" html="true">&lt;/td&gt;&lt;/tr&gt;&lt;tr&gt;&lt;td colspan="3"&gt;&lt;a href="selenium-screenshot-14.png"&gt;&lt;img src="selenium-screenshot-14.png" width="800px"&gt;&lt;/a&gt;</msg>
<status status="PASS" starttime="20211005 09:39:30.966" endtime="20211005 09:39:31.303"/>
</kw>
<msg timestamp="20211005 09:39:31.303" level="FAIL">ElementClickInterceptedException: Message: element click intercepted: Element &lt;button type="button" class="ant-btn a-btn a-btn--transparent a-btn--transparent--dark a-btn--add ant-dropdown-trigger"&gt;...&lt;/button&gt; is not clickable at point (1315, 176). Other element would receive the click: &lt;div class="ant-spin-container"&gt;...&lt;/div&gt;
  (Session info: chrome=94.0.4606.61)
</msg>
<status status="FAIL" starttime="20211005 09:39:29.728" endtime="20211005 09:39:31.303"/>
</kw>
<status status="FAIL" starttime="20211005 09:39:29.728" endtime="20211005 09:39:31.303">ElementClickInterceptedException: Message: element click intercepted: Element &lt;button type="button" class="ant-btn a-btn a-btn--transparent a-btn--transparent--dark a-btn--add ant-dropdown-trigger"&gt;...&lt;/button&gt; is not clickable at point (1315, 176). Other element would receive the click: &lt;div class="ant-spin-container"&gt;...&lt;/div&gt;
  (Session info: chrome=94.0.4606.61)
</status>
</test>
<status status="FAIL" starttime="20211005 09:39:06.007" endtime="20211005 09:39:31.303"/>
</suite>
<statistics>
<total>
<stat pass="2" fail="1" skip="0">All Tests</stat>
</total>
<tag>
</tag>
<suite>
<stat pass="2" fail="1" skip="0" id="s1" name="TestSuiteFile">TestSuiteFile</stat>
</suite>
</statistics>
<errors>
</errors>
</robot>
